#
# There is insufficient memory for the Java Runtime Environment to continue.
# Native memory allocation (malloc) failed to allocate 194448 bytes for Chunk::new
# Possible reasons:
#   The system is out of physical RAM or swap space
#   In 32 bit mode, the process size limit was hit
# Possible solutions:
#   Reduce memory load on the system
#   Increase physical memory or swap space
#   Check if swap backing store is full
#   Use 64 bit Java on a 64 bit OS
#   Decrease Java heap size (-Xmx/-Xms)
#   Decrease number of Java threads
#   Decrease Java thread stack sizes (-Xss)
#   Set larger code cache with -XX:ReservedCodeCacheSize=
# This output file may be truncated or incomplete.
#
#  Out of Memory Error (allocation.cpp:390), pid=4492, tid=0x000000000000139c
#
# JRE version: Java(TM) SE Runtime Environment (8.0_101-b13) (build 1.8.0_101-b13)
# Java VM: Java HotSpot(TM) 64-Bit Server VM (25.101-b13 mixed mode windows-amd64 compressed oops)
# Failed to write core dump. Minidumps are not enabled by default on client versions of Windows
#

---------------  T H R E A D  ---------------

Current thread (0x0000000054d49000):  JavaThread "C2 CompilerThread0" daemon [_thread_in_native, id=5020, stack(0x0000000055e80000,0x0000000055f80000)]

Stack: [0x0000000055e80000,0x0000000055f80000]
[error occurred during error reporting (printing stack bounds), id 0xc0000005]

Native frames: (J=compiled Java code, j=interpreted, Vv=VM code, C=native code)


Current CompileTask:
C2:   1716  876       4       com.android.dx.ssa.back.LivenessAnalyzer::handleTailRecursion (94 bytes)


---------------  P R O C E S S  ---------------

Java Threads: ( => current thread )
  0x000000005634e800 JavaThread "pool-2-thread-2" [_thread_in_Java, id=1880, stack(0x0000000056bc0000,0x0000000056cc0000)]
  0x00000000562f5000 JavaThread "pool-3-thread-1" [_thread_blocked, id=6768, stack(0x0000000056aa0000,0x0000000056ba0000)]
  0x00000000562f3000 JavaThread "pool-2-thread-1" [_thread_in_Java, id=4960, stack(0x00000000568f0000,0x00000000569f0000)]
  0x00000000561f3800 JavaThread "Service Thread" daemon [_thread_blocked, id=6468, stack(0x0000000056620000,0x0000000056720000)]
  0x0000000054da2800 JavaThread "C1 CompilerThread1" daemon [_thread_blocked, id=5240, stack(0x00000000560f0000,0x00000000561f0000)]
=>0x0000000054d49000 JavaThread "C2 CompilerThread0" daemon [_thread_in_native, id=5020, stack(0x0000000055e80000,0x0000000055f80000)]
  0x0000000054d47800 JavaThread "Attach Listener" daemon [_thread_blocked, id=4188, stack(0x0000000055c70000,0x0000000055d70000)]
  0x0000000054d46800 JavaThread "Signal Dispatcher" daemon [_thread_blocked, id=2088, stack(0x0000000055b20000,0x0000000055c20000)]
  0x0000000054d2f000 JavaThread "Finalizer" daemon [_thread_blocked, id=1812, stack(0x00000000559d0000,0x0000000055ad0000)]
  0x0000000054ce5000 JavaThread "Reference Handler" daemon [_thread_blocked, id=7004, stack(0x00000000556b0000,0x00000000557b0000)]
  0x000000000039f000 JavaThread "main" [_thread_blocked, id=7012, stack(0x00000000024a0000,0x00000000025a0000)]

Other Threads:
  0x0000000054cdd000 VMThread [stack: 0x00000000557e0000,0x00000000558e0000] [id=2952]
  0x0000000054da9000 WatcherThread [stack: 0x0000000055fd0000,0x00000000560d0000] [id=5916]

VM state:not at safepoint (normal execution)

VM Mutex/Monitor currently owned by a thread: None

Heap:
 PSYoungGen      total 26112K, used 19659K [0x00000000eab00000, 0x00000000ec800000, 0x0000000100000000)
  eden space 22528K, 87% used [0x00000000eab00000,0x00000000ebe32f50,0x00000000ec100000)
  from space 3584K, 0% used [0x00000000ec480000,0x00000000ec480000,0x00000000ec800000)
  to   space 3584K, 0% used [0x00000000ec100000,0x00000000ec100000,0x00000000ec480000)
 ParOldGen       total 60416K, used 0K [0x00000000c0000000, 0x00000000c3b00000, 0x00000000eab00000)
  object space 60416K, 0% used [0x00000000c0000000,0x00000000c0000000,0x00000000c3b00000)
 Metaspace       used 5668K, capacity 6768K, committed 7040K, reserved 1056768K
  class space    used 577K, capacity 616K, committed 640K, reserved 1048576K

Card table byte_map: [0x0000000011c30000,0x0000000011e40000] byte_map_base: 0x0000000011630000

Marking Bits: (ParMarkBitMap*) 0x000000005f7fa6d0
 Begin Bits: [0x00000000121b0000, 0x00000000131b0000)
 End Bits:   [0x00000000131b0000, 0x00000000141b0000)

Polling page: 0x0000000000340000

CodeCache: size=245760Kb used=3705Kb max_used=3705Kb free=242054Kb
 bounds [0x0000000002870000, 0x0000000002c10000, 0x0000000011870000]
 total_blobs=1199 nmethods=938 adapters=174
 compilation: disabled (not enough contiguous free space left)

Compilation events (10 events):
Event: 1.613 Thread 0x0000000054da2800  939       3       java.util.TreeMap::fixAfterInsertion (267 bytes)
Event: 1.617 Thread 0x0000000054da2800 nmethod 939 0x0000000002c098d0 code [0x0000000002c09d40, 0x0000000002c0c458]
Event: 1.617 Thread 0x0000000054da2800  940       3       com.android.dx.dex.cf.AttributeTranslator::getAnnotations (22 bytes)
Event: 1.618 Thread 0x0000000054da2800 nmethod 940 0x0000000002c0d610 code [0x0000000002c0d820, 0x0000000002c0e2d8]
Event: 1.618 Thread 0x0000000054da2800  943       3       com.android.dx.rop.code.RegisterSpecList::make (17 bytes)
Event: 1.619 Thread 0x0000000054da2800 nmethod 943 0x0000000002c0e890 code [0x0000000002c0ea60, 0x0000000002c0f2e8]
Event: 1.619 Thread 0x0000000054da2800  945       3       com.android.dx.util.IntList::mutableCopy (39 bytes)
Event: 1.619 Thread 0x0000000054da2800 nmethod 945 0x0000000002c0f910 code [0x0000000002c0faa0, 0x0000000002c0fe18]
Event: 1.619 Thread 0x0000000054da2800  948       3       com.android.dx.rop.code.InsnList::contentEquals (54 bytes)
Event: 1.619 Thread 0x0000000054da2800 


GC Heap History (0 events):
No events

Deoptimization events (6 events):
Event: 1.160 Thread 0x000000005634e800 Uncommon trap: reason=class_check action=maybe_recompile pc=0x0000000002a69f48 method=com.android.dx.rop.cst.CstMemberRef.compareTo0(Lcom/android/dx/rop/cst/Constant;)I @ 1
Event: 1.164 Thread 0x0000000056408800 Uncommon trap: reason=class_check action=maybe_recompile pc=0x0000000002a69f48 method=com.android.dx.rop.cst.CstMemberRef.compareTo0(Lcom/android/dx/rop/cst/Constant;)I @ 1
Event: 1.164 Thread 0x0000000056408800 Uncommon trap: reason=class_check action=maybe_recompile pc=0x0000000002a69f48 method=com.android.dx.rop.cst.CstMemberRef.compareTo0(Lcom/android/dx/rop/cst/Constant;)I @ 1
Event: 1.168 Thread 0x0000000056466000 Uncommon trap: reason=class_check action=maybe_recompile pc=0x0000000002a69f48 method=com.android.dx.rop.cst.CstMemberRef.compareTo0(Lcom/android/dx/rop/cst/Constant;)I @ 1
Event: 1.169 Thread 0x0000000056408800 Uncommon trap: reason=unstable_if action=reinterpret pc=0x0000000002a6a818 method=java.util.HashMap.getNode(ILjava/lang/Object;)Ljava/util/HashMap$Node; @ 62
Event: 1.181 Thread 0x0000000056408800 Uncommon trap: reason=unstable_if action=reinterpret pc=0x0000000002a69650 method=com.android.dx.rop.cst.CstFieldRef.compareTo0(Lcom/android/dx/rop/cst/Constant;)I @ 7

Internal exceptions (2 events):
Event: 0.038 Thread 0x000000000039f000 Exception <a 'java/lang/NoSuchMethodError': Method sun.misc.Unsafe.defineClass(Ljava/lang/String;[BII)Ljava/lang/Class; name or signature does not match> (0x00000000eab07cc0) thrown at [C:\re\workspace\8-2-build-windows-amd64-cygwin\jdk8u101\7261\hotspot\súc¼Pu£?
Event: 0.038 Thread 0x000000000039f000 Exception <a 'java/lang/NoSuchMethodError': Method sun.misc.Unsafe.prefetchRead(Ljava/lang/Object;J)V name or signature does not match> (0x00000000eab07fa8) thrown at [C:\re\workspace\8-2-build-windows-amd64-cygwin\jdk8u101\7261\hotspot\src\share\vm\prims\

Events (10 events):
Event: 1.173 loading class com/android/dx/ssa/back/FirstFitLocalCombiningAllocator$Multiset done
Event: 1.175 loading class java/util/DualPivotQuicksort
Event: 1.175 loading class java/util/DualPivotQuicksort done
Event: 1.181 Thread 0x0000000056408800 Uncommon trap: trap_request=0xffffff65 fr.pc=0x0000000002a69650
Event: 1.181 Thread 0x0000000056408800 DEOPT PACKING pc=0x0000000002a69650 sp=0x0000000055e6efa0
Event: 1.181 Thread 0x0000000056408800 DEOPT UNPACKING pc=0x00000000028b582a sp=0x0000000055e6ef28 mode 2
Event: 1.206 loading class com/android/dx/cf/code/BytecodeArray$ConstantParserVisitor
Event: 1.206 loading class com/android/dx/cf/code/BytecodeArray$ConstantParserVisitor done
Event: 1.336 loading class java/util/ArrayList$1
Event: 1.336 loading class java/util/ArrayList$1 done


Dynamic libraries:
0x000000013fd60000 - 0x000000013fd97000 	C:\Program Files\Java\jdk1.8.0_101\bin\java.exe
0x0000000076d80000 - 0x0000000076f29000 	C:\Windows\SYSTEM32\ntdll.dll
0x0000000076b60000 - 0x0000000076c7f000 	C:\Windows\system32\kernel32.dll
0x000007fefce70000 - 0x000007fefcedb000 	C:\Windows\system32\KERNELBASE.dll
0x000007fefd700000 - 0x000007fefd7db000 	C:\Windows\system32\ADVAPI32.dll
0x000007fefefe0000 - 0x000007feff07f000 	C:\Windows\system32\msvcrt.dll
0x000007fefdc00000 - 0x000007fefdc1f000 	C:\Windows\SYSTEM32\sechost.dll
0x000007fefdad0000 - 0x000007fefdbfd000 	C:\Windows\system32\RPCRT4.dll
0x0000000076c80000 - 0x0000000076d7a000 	C:\Windows\system32\USER32.dll
0x000007fefcef0000 - 0x000007fefcf57000 	C:\Windows\system32\GDI32.dll
0x000007fefcfc0000 - 0x000007fefcfce000 	C:\Windows\system32\LPK.dll
0x000007fefd230000 - 0x000007fefd2f9000 	C:\Windows\system32\USP10.dll
0x000007fefb6c0000 - 0x000007fefb8b4000 	C:\Windows\WinSxS\amd64_microsoft.windows.common-controls_6595b64144ccf1df_6.0.7601.17514_none_fa396087175ac9ac\COMCTL32.dll
0x000007fefdcf0000 - 0x000007fefdd61000 	C:\Windows\system32\SHLWAPI.dll
0x000007fefdcc0000 - 0x000007fefdcee000 	C:\Windows\system32\IMM32.DLL
0x000007fefd460000 - 0x000007fefd569000 	C:\Windows\system32\MSCTF.dll
0x0000000063e30000 - 0x0000000063f02000 	C:\Program Files\Java\jdk1.8.0_101\jre\bin\msvcr100.dll
0x000000005efe0000 - 0x000000005f87a000 	C:\Program Files\Java\jdk1.8.0_101\jre\bin\server\jvm.dll
0x000007fee3980000 - 0x000007fee3989000 	C:\Windows\system32\WSOCK32.dll
0x000007fefcfd0000 - 0x000007fefd01d000 	C:\Windows\system32\WS2_32.dll
0x000007feff080000 - 0x000007feff088000 	C:\Windows\system32\NSI.dll
0x000007fef98a0000 - 0x000007fef98db000 	C:\Windows\system32\WINMM.dll
0x000007fefbc20000 - 0x000007fefbc2c000 	C:\Windows\system32\VERSION.dll
0x0000000076f40000 - 0x0000000076f47000 	C:\Windows\system32\PSAPI.DLL
0x000000006d090000 - 0x000000006d09f000 	C:\Program Files\Java\jdk1.8.0_101\jre\bin\verify.dll
0x000000006abe0000 - 0x000000006ac09000 	C:\Program Files\Java\jdk1.8.0_101\jre\bin\java.dll
0x000000006abc0000 - 0x000000006abd6000 	C:\Program Files\Java\jdk1.8.0_101\jre\bin\zip.dll
0x000007fefe250000 - 0x000007fefefd8000 	C:\Windows\system32\SHELL32.dll
0x000007fefd020000 - 0x000007fefd223000 	C:\Windows\system32\ole32.dll
0x000007fefcb40000 - 0x000007fefcb4f000 	C:\Windows\system32\profapi.dll

VM Arguments:
jvm_args: -Djava.awt.headless=true -Xmx1024M -Dfile.encoding=windows-1251 -Duser.country=RU -Duser.language=ru -Duser.variant 
java_command: com.android.dx.command.Main --dex --force-jumbo --num-threads=4 --multi-dex --output D:\ORT\Android\SQLite\app\build\intermediates\transforms\dex\debug\folders\1000\5\slice_2 D:\ORT\Android\SQLite\app\build\intermediates\transforms\instantRunSlicer\debug\folders\1\5\slice_2
java_class_path (initial): D:\Programs\AndroidSDK\build-tools\24.0.2\lib\dx.jar
Launcher Type: SUN_STANDARD

Environment Variables:
JAVA_HOME=C:\Program Files\Java\jdk1.8.0_101
PATH=C:\ProgramData\Oracle\Java\javapath;C:\Program Files (x86)\NVIDIA Corporation\PhysX\Common;C:\Windows\system32;C:\Windows;C:\Windows\System32\Wbem;C:\Windows\System32\WindowsPowerShell\v1.0\;C:\Program Files (x86)\Skype\Phone\;C:\Program Files\Microsoft SQL Server\120\Tools\Binn\;C:\Program Files\Microsoft SQL Server\110\DTS\Binn\;C:\Program Files (x86)\Microsoft SQL Server\110\Tools\Binn\;C:\Program Files\Microsoft SQL Server\110\Tools\Binn\;C:\Program Files (x86)\Microsoft SQL Server\110\Tools\Binn\ManagementStudio\;C:\Program Files (x86)\Microsoft Visual Studio 10.0\Common7\IDE\PrivateAssemblies\;C:\Program Files (x86)\Microsoft SQL Server\110\DTS\Binn\;C:\Program Files (x86)\Windows Kits\8.1\Windows Performance Toolkit\;C:\Program Files\Microsoft SQL Server\130\Tools\Binn\;C:\Program Files\dotnet\;C:\Program Files (x86)\nodejs\;C:\Program Files\Git\cmd;C:\mongodb\bin;C:\Users\User\AppData\Roaming\npm
USERNAME=User
OS=Windows_NT
PROCESSOR_IDENTIFIER=Intel64 Family 6 Model 37 Stepping 2, GenuineIntel



---------------  S Y S T E M  ---------------

OS: Windows 7 , 64 bit Build 7601 (6.1.7601.18015)

CPU:total 2 (2 cores per cpu, 1 threads per core) family 6 model 37 stepping 2, cmov, cx8, fxsr, mmx, sse, sse2, sse3, ssse3, popcnt, tsc, tscinvbit

Memory: 4k page, physical 5692912k(769416k free), swap 7739048k(17272k free)

vm_info: Java HotSpot(TM) 64-Bit Server VM (25.101-b13) for windows-amd64 JRE (1.8.0_101-b13), built on Jun 22 2016 01:21:29 by "java_re" with MS VC++ 10.0 (VS2010)

time: Sat Oct 08 21:49:54 2016
elapsed time: 1 seconds (0d 0h 0m 1s)

